mgoldfar/45.37/94.90/-12.17/44.76/-106.75/58.74/-26.15/-116.59/75.02/41.02/1199145600
fosters60/11.14/-21.74/-117.33/30.89/-25.68/-84.90/87.77/126.61/89.94/-126.22/110.13/-8.51/-73.23/1199145638
hmotevas/-56.67/48.20/110.18/82.52/7.38/-36.14/-37.60/-69.32/-91.13/-47.71/103.57/-122.70/1199145686
wyant/-91.83/12.72/5.64/-101.23/1199145698
nangal/-55.35/30.80/-116.23/-104.30/30.97/8.97/25.71/-47.97/45.55/-103.47/-1.54/1199145712
nangal/51.06/41.56/-14.36/73.74/72.59/111.96/-20.14/1199145724
hmotevas/-18.30/58.46/122.57/117.17/-13.31/-103.37/-64.70/-15.81/1199145765
wyant/-86.17/15.68/-37.56/115.52/-15.59/-39.14/17.73/1199145795
fosters60/-98.12/19.28/105.72/20.39/-15.38/41.66/1199145805
mgoldfar/16.45/-59.71/-102.09/-56.46/-19.76/86.58/8.47/1199145846
nangal/-12.66/-79.04/-114.86/-91.32/74.76/12.80/-0.22/-72.33/37.35/36.28/26.50/63.04/-76.44/1199145880
mgoldfar/-87.62/-40.68/-112.40/-57.49/80.54/98.13/-33.24/126.98/-106.73/98.70/-33.75/-40.31/-2.94/-94.11/-9.08/1199145913
fosters60/-52.81/102.42/-47.72/75.20/25.98/1199145939
wyant/-29.57/91.05/-69.64/-64.09/65.14/-26.16/-95.81/-77.50/1199145962
hmotevas/-121.23/-118.85/104.69/111.11/123.17/51.34/-45.14/62.33/92.43/93.79/1199145991
mgoldfar/-26.67/-55.75/40.02/-96.38/-115.58/39.80/34.99/-124.78/107.09/108.67/-18.48/124.81/-7.85/-107.87/1199146009
wyant/88.51/-97.63/94.33/6.60/37.29/1199146058
fosters60/113.50/28.19/28.16/-49.21/-18.21/-85.65/40.95/24.46/73.85/0.65/-11.26/1199146091
nangal/83.51/-58.88/58.33/-80.00/-118.52/54.01/-13.35/93.97/-3.77/-123.47/-115.94/-37.29/-73.14/51.49/-42.85/1199146130
hmotevas/-41.14/-26.70/-30.94/-1.44/-100.66/119.34/118.38/60.88/-119.49/102.82/1199146151
nangal/53.20/-34.27/-95.77/-106.43/-43.36/76.51/82.47/101.67/36.00/-6.38/-19.36/-108.46/52.38/42.64/1199146184
wyant/-121.02/-75.64/1.62/-84.41/85.77/15.39/-42.24/103.23/47.22/85.51/45.66/-106.39/19.45/1199146197
hmotevas/50.51/22.79/59.24/112.98/108.43/52.59/-102.93/79.15/1199146232
fosters60/-112.68/41.80/-72.07/120.41/56.68/42.64/-40.54/-48.04/1.67/-52.80/95.17/52.90/59.08/-84.03/-59.38/1199146250
mgoldfar/-80.06/-39.83/26.66/-78.11/-57.53/-1.11/-76.68/104.78/1199146285
hmotevas/47.42/-23.02/-36.96/-73.19/46.02/-39.46/-71.86/44.26/1199146302
mgoldfar/-92.93/113.64/-107.24/-111.89/-106.93/31.99/42.40/61.37/73.74/98.29/-114.74/38.10/-35.62/-26.76/1199146339
nangal/-28.50/72.59/106.02/78.70/-6.89/-20.56/-59.71/22.51/-69.30/1199146359
fosters60/89.95/112.66/110.34/44.85/41.63/122.01/51.03/49.08/-93.22/20.01/17.61/-44.89/51.78/58.14/1199146407
wyant/-47.72/97.06/-58.61/47.50/-13.15/-104.33/-105.41/4.19/-109.15/81.76/-112.59/1199146417
fosters60/107.61/122.76/54.62/78.87/-71.23/-44.97/-112.12/48.43/-105.65/-118.35/-12.88/-19.73/20.47/-79.54/1199146444
nangal/99.08/-33.56/-25.71/103.46/1199146460
hmotevas/75.65/29.80/-114.60/80.49/-20.55/-74.56/31.47/1199146493
wyant/-50.76/6.73/26.75/82.76/-1.67/119.60/-51.18/-77.38/1199146504
mgoldfar/-65.79/-117.40/70.99/47.18/-12.76/-118.63/123.80/-4.22/-126.65/-75.98/1199146543
fosters60/117.62/-0.50/75.31/44.27/-0.78/-57.52/1199146557
hmotevas/87.23/-44.00/-27.43/98.98/90.74/-14.28/52.45/14.03/112.18/-33.39/47.85/-12.26/77.79/-111.98/-74.85/1199146575
wyant/-24.71/-29.66/-61.48/60.55/7.79/-87.39/29.70/-35.79/110.04/-126.10/-94.81/2.00/6.63/-66.74/62.12/1199146591
nangal/-121.02/-51.53/107.43/4.23/-21.78/-69.75/-5.16/21.18/109.34/-86.52/-116.88/70.49/-79.32/-49.08/1199146606
mgoldfar/107.03/-76.37/60.76/37.74/1199146627
wyant/-62.45/-19.77/16.86/101.92/-64.00/-10.48/-37.87/-44.89/8.03/93.32/49.86/17.29/-6.98/-58.92/1199146674
nangal/79.11/-121.66/71.26/75.61/-63.59/1199146722
fosters60/-74.51/-43.16/-8.14/-68.77/-75.08/16.71/1199146742
mgoldfar/-114.88/81.49/5.62/-56.66/1199146786
hmotevas/-123.16/-31.75/16.98/-72.82/54.39/122.17/-117.83/-30.82/-115.87/72.82/-107.53/90.49/62.27/-73.65/8.38/1199146826
hmotevas/7.14/112.40/-19.90/-32.18/-7.30/-38.38/1199146858
nangal/-97.14/72.03/26.37/9.96/-57.11/-69.99/-113.18/1199146871
mgoldfar/7.31/-69.66/-4.91/-49.39/-57.01/-57.74/-60.26/7.39/82.07/-61.95/-63.52/1199146887
fosters60/-7.84/72.54/-122.69/-59.74/40.51/-80.97/-123.35/56.02/33.86/43.24/-94.34/-50.69/103.30/1199146909
wyant/16.00/74.43/82.66/29.30/-23.90/72.64/60.95/68.88/87.28/122.80/65.00/-77.28/11.17/-39.06/1199146953
hmotevas/25.53/31.79/2.26/7.89/-10.38/-78.62/16.57/41.79/-8.38/-65.09/-54.27/-104.97/125.77/101.88/-14.06/1199146997
wyant/27.12/-34.55/-45.10/74.83/73.14/1199147011
mgoldfar/121.79/95.34/64.83/-32.93/16.57/39.48/-116.32/124.78/-26.49/-89.98/113.65/58.15/1199147038
nangal/85.53/-44.36/41.76/-40.08/-114.22/112.10/123.24/8.28/115.87/-118.34/-78.09/77.17/1199147051
fosters60/-114.92/-64.06/73.72/74.66/-9.39/-33.57/63.90/1199147098
fosters60/101.22/32.61/124.77/16.58/-98.25/60.84/-82.46/31.30/-114.94/-61.38/54.83/-51.25/-6.91/1199147109
wyant/-71.33/-25.53/9.87/-76.08/-92.46/114.07/-40.79/-30.43/-34.77/1199147154
nangal/19.91/-67.70/9.82/-123.54/38.36/-103.32/-119.85/46.17/96.99/1199147168
mgoldfar/-94.07/-79.43/68.02/49.81/-17.00/106.99/-85.28/-17.32/-30.17/95.62/120.63/-88.41/-55.18/-106.01/-18.91/1199147196
hmotevas/43.35/35.86/52.19/-48.32/53.92/-1.09/-97.91/51.07/-97.47/1199147244
hmotevas/-10.34/98.38/37.00/-86.81/39.17/98.96/-81.34/-10.38/-102.20/-1.16/1199147261
wyant/46.83/-113.02/87.90/98.26/-8.51/1199147278
nangal/25.98/-1.24/18.92/75.51/-123.93/7.93/63.83/113.32/1199147302
fosters60/-66.91/-4.09/101.24/-88.87/4.59/15.94/-13.73/-105.20/-51.36/-22.93/100.88/82.99/1199147338
mgoldfar/5.61/44.96/78.07/25.46/1199147362
nangal/54.57/-116.14/92.34/70.26/96.98/-109.41/125.66/19.79/41.15/79.23/17.42/122.45/1199147373
hmotevas/100.88/28.93/74.61/113.65/-105.01/-120.16/118.61/-48.31/-45.07/58.82/61.75/50.32/-49.04/51.74/-124.28/1199147402
wyant/9.02/105.89/102.99/-10.24/-123.81/-112.19/-27.62/102.28/-10.83/80.16/111.78/1199147414
fosters60/-7.40/-89.81/41.89/-98.52/79.39/45.28/-44.05/21.03/62.91/-84.03/-34.40/-11.82/-125.98/1199147434
mgoldfar/-85.89/84.45/-3.03/-112.40/-80.72/123.89/42.41/49.93/57.59/70.92/1199147460
fosters60/93.06/25.22/-118.68/46.29/-106.59/59.79/124.50/-125.58/-82.05/1199147488
nangal/-90.34/69.51/55.19/-123.35/94.04/38.39/24.80/114.38/-67.44/-125.67/66.78/121.57/-118.77/1199147519
wyant/63.87/-120.36/-0.76/65.39/53.08/75.96/-17.40/-29.06/-2.92/0.93/-77.98/1199147542
hmotevas/-64.74/-31.42/70.33/-113.88/96.20/-26.49/-115.28/-1.23/25.48/21.65/-27.61/41.24/-53.17/1199147560
mgoldfar/66.70/52.04/-78.68/-58.72/58.25/39.77/-101.20/99.05/-29.60/1199147595
wyant/-77.45/54.67/-94.78/15.82/-32.25/103.26/110.29/-62.31/78.15/-117.20/73.82/35.87/48.46/1199147618
fosters60/26.03/-23.51/-76.96/-20.88/39.10/-124.30/-31.22/-9.73/-86.48/-23.26/-5.82/1199147630
mgoldfar/78.16/19.45/3.65/-97.82/-56.29/3.54/57.24/-48.71/1199147646
nangal/110.02/15.69/-110.53/5.74/2.79/-112.27/71.69/1199147684
hmotevas/-63.30/-56.66/-19.39/-55.76/12.51/50.11/-89.43/77.34/41.17/119.47/-98.88/70.90/1199147722
wyant/-19.88/-107.70/-117.12/-120.19/66.88/9.21/-60.40/1199147754
mgoldfar/-113.15/75.92/97.06/-123.45/1199147794
fosters60/56.53/-111.18/-2.07/1.69/-15.00/-57.96/118.34/-7.31/-112.24/-43.00/-42.07/81.60/-10.19/1199147811
hmotevas/-88.93/-34.79/-57.51/16.17/-124.10/-82.30/33.22/21.81/1.00/-77.77/1199147837
nangal/68.31/73.75/24.37/107.02/1199147866
mgoldfar/9.46/-49.85/64.52/41.72/-23.26/124.69/1199147876
fosters60/16.55/96.02/-108.51/65.44/115.41/87.12/1199147902
wyant/-83.67/32.88/39.16/-88.79/102.50/86.52/-99.80/1199147923
hmotevas/-8.41/-70.14/120.91/-73.59/71.95/-118.05/-125.51/1199147952
nangal/41.52/-80.79/61.74/92.05/-75.51/-66.38/114.75/-73.84/1199147991
nangal/5.25/-93.68/-117.51/117.87/-50.23/-24.35/55.02/-22.57/1199148008
fosters60/124.01/-2.75/-88.94/-31.28/113.20/-6.91/87.66/1199148021
mgoldfar/56.51/-75.31/-94.70/-3.86/-100.37/76.39/-74.10/-97.39/1199148042
wyant/-22.40/22.67/-57.62/-12.02/36.58/30.59/89.90/95.32/1199148075
hmotevas/-80.72/-94.96/-71.95/64.87/101.10/43.75/1199148123
fosters60/16.27/-32.25/-108.89/-123.35/110.22/-8.21/-103.71/1199148162
mgoldfar/112.18/107.35/80.19/-101.00/1199148190
hmotevas/-51.34/65.78/5.29/116.03/-92.29/-106.92/95.44/115.11/-3.07/113.05/-87.66/84.56/55.60/111.13/96.24/1199148204
nangal/9.13/83.43/103.50/104.98/38.43/101.70/-62.38/74.57/-16.23/1199148230
wyant/-0.12/-62.17/-104.05/-4.40/-16.93/1199148265
fosters60/51.35/-110.53/-41.45/-20.80/-31.26/-53.26/-114.68/-26.13/22.27/-56.18/-110.30/77.81/1199148286
hmotevas/121.89/103.49/-38.76/-65.27/-13.05/-19.51/124.99/1199148335
wyant/-24.88/-90.75/-93.56/-111.98/91.89/75.10/-66.45/92.31/1199148351
mgoldfar/87.19/12.47/-113.44/120.27/1.13/121.95/1199148393
nangal/100.10/-60.54/41.62/13.46/-52.96/-70.41/1199148424
mgoldfar/116.21/38.31/53.32/124.82/1199148465
hmotevas/79.23/-29.26/-71.70/36.69/117.05/1199148513
nangal/-18.07/42.78/125.90/111.78/5.04/-123.21/34.61/68.87/-64.06/-53.00/86.45/63.40/-50.51/-46.02/-81.57/1199148523
wyant/-70.53/-67.18/-96.95/-124.15/23.96/77.74/-21.96/-84.07/-75.99/-106.39/0.10/89.39/-117.79/1199148535
fosters60/-120.71/46.81/23.47/-66.59/101.01/-21.71/1.96/57.86/1199148547
fosters60/-105.47/21.62/39.63/70.78/1199148577
wyant/33.52/100.63/-31.27/32.34/1199148609
mgoldfar/11.96/-28.70/76.28/-52.97/55.46/1199148650
hmotevas/-65.46/17.80/110.39/119.17/51.97/-6.67/111.95/-1.07/116.85/8.53/107.69/28.75/-81.72/11.73/53.55/1199148670
nangal/-35.68/24.53/35.64/-10.13/81.25/13.51/30.27/-46.18/94.54/40.07/-25.89/1199148680
wyant/-84.77/-46.64/-27.90/84.30/-0.95/-53.63/33.86/-37.70/99.86/-57.07/-60.49/1199148701
nangal/72.44/71.58/35.71/-109.25/1199148741
hmotevas/-119.55/-43.33/11.06/101.31/75.76/21.51/-113.96/1199148775
mgoldfar/22.55/-84.12/121.30/-8.83/23.16/69.86/94.54/-121.99/-38.61/-22.94/90.72/14.87/120.08/1199148811
fosters60/-84.75/23.32/-117.30/-62.45/-21.05/-54.38/1199148848
mgoldfar/102.46/35.23/-8.59/-5.73/-72.80/-8.52/64.24/85.86/7.78/-52.00/-76.45/-82.91/70.56/64.79/1199148897
nangal/-96.06/123.06/96.81/-87.32/62.71/-29.02/1199148910
fosters60/13.09/83.57/-1.71/-66.32/19.68/-56.38/37.89/-67.14/-31.67/118.36/56.74/-20.17/-75.84/-29.92/-69.46/1199148942
wyant/72.71/-90.51/-124.73/103.33/-33.82/-63.52/120.97/-104.10/78.03/-123.80/-26.48/-66.50/-116.10/-23.77/1199148983
hmotevas/109.47/1.77/-88.36/-0.53/-126.87/7.10/6.35/-122.97/19.41/105.24/73.92/25.08/105.03/-121.64/-93.54/1199148995
nangal/-85.81/-38.70/10.71/-21.52/-109.08/1199149036
mgoldfar/-70.70/66.52/0.59/111.94/1199149076
hmotevas/-58.58/-64.91/42.48/22.35/-30.63/-40.47/-2.66/82.58/1199149086
fosters60/124.53/96.33/-59.98/-88.60/104.33/-91.21/1199149116
wyant/-8.51/76.08/100.57/-98.64/1199149131
wyant/88.40/36.20/89.96/46.95/36.70/-9.23/-72.19/1199149155
nangal/-5.18/-7.05/53.26/104.09/82.68/89.62/1199149165
fosters60/-15.73/93.65/-85.60/-22.36/1199149214
mgoldfar/-7.84/111.85/-28.38/78.62/85.96/-116.13/-44.54/-125.29/-39.20/30.18/63.88/1199149253
hmotevas/114.25/-57.68/26.67/65.71/-102.51/99.47/-75.59/-41.31/70.92/-114.59/21.83/55.98/1199149278
wyant/-49.18/-86.33/-115.94/77.79/-36.12/92.46/-41.82/-45.25/-46.78/111.94/34.46/-88.26/113.48/1199149295
hmotevas/43.94/79.36/51.06/38.86/86.30/-83.48/17.04/-66.96/-50.83/14.82/-44.91/16.34/1199149317
fosters60/-95.03/-97.22/94.91/-78.33/33.72/-9.26/16.29/-98.14/115.92/1199149345
mgoldfar/-41.72/10.96/73.57/39.35/-53.84/-101.51/-40.91/79.85/38.91/-42.98/1199149386
nangal/-119.48/47.14/-41.03/53.80/78.89/0.76/13.71/-41.12/-112.28/29.42/-34.79/-91.23/49.79/-104.13/88.48/1199149430
fosters60/125.89/-109.56/-34.73/-108.02/120.92/-95.22/-5.67/48.42/0.14/-124.22/1199149463
wyant/77.33/-8.75/-71.19/48.47/-4.62/113.67/-125.55/-67.14/-94.97/-125.24/108.25/-55.82/1199149482
hmotevas/118.27/6.27/-106.93/68.72/-126.85/41.89/73.08/1199149527
nangal/102.82/-52.19/12.58/-62.27/-10.45/-16.25/-60.99/71.48/34.69/26.48/-69.03/-76.15/48.15/1199149541
mgoldfar/-111.01/30.93/-67.33/53.94/96.21/115.32/114.13/-113.09/1199149575
fosters60/-68.13/88.42/-36.58/-60.29/19.83/92.70/1199149591
mgoldfar/123.61/-10.33/-108.86/-108.51/54.74/-30.82/-91.87/-18.84/44.95/-104.85/55.86/21.57/-75.55/1199149609
nangal/95.99/110.75/-62.05/15.52/-12.27/-98.77/-98.67/87.67/1199149637
hmotevas/-101.64/126.79/-33.82/111.63/-64.28/-53.19/-104.88/-71.31/61.55/123.92/1199149662
wyant/88.96/-9.64/-125.49/-120.00/-3.98/-24.40/-76.93/-109.26/54.27/-110.77/100.12/1199149703
wyant/-87.96/-68.55/-116.30/-35.68/101.51/27.96/3.62/26.81/51.53/61.53/-6.73/49.29/1199149727
hmotevas/-105.16/-121.74/-81.05/36.12/27.62/32.86/1199149761
nangal/21.49/93.44/-74.35/13.75/25.86/-60.80/-79.80/-37.48/-74.25/113.76/-47.08/1199149795
mgoldfar/37.66/120.84/7.88/-101.72/-36.72/-69.09/-29.87/1199149818
fosters60/-40.01/-70.10/-83.42/22.92/37.81/-10.69/-26.61/-92.49/-99.27/29.43/-124.36/-31.59/-48.07/1199149866
wyant/22.93/-62.34/-60.96/42.93/-44.85/-57.81/-109.23/1199149889
fosters60/-7.80/-93.01/-63.86/66.57/-9.95/-78.02/100.60/1199149919
nangal/-96.95/-95.68/-6.05/-88.54/-123.90/-105.80/10.83/44.94/-63.12/-32.81/83.07/80.93/21.31/42.65/22.00/1199149945
hmotevas/-81.19/63.22/-37.46/-75.19/110.56/-94.61/-2.80/73.32/-41.78/19.56/-99.80/30.75/107.00/51.00/-0.14/1199149958
mgoldfar/-116.80/-17.69/-100.62/-63.16/-121.58/122.32/-119.47/-78.28/-16.15/1199149998
nangal/35.09/-61.21/41.80/0.53/64.49/53.23/-87.90/76.69/-76.84/62.37/1199150017
fosters60/38.98/-47.96/-11.33/24.75/1199150032
mgoldfar/65.76/53.47/-67.42/3.48/115.39/1199150078
hmotevas/-92.79/-112.66/53.98/-42.69/51.85/58.63/-48.57/1199150094
wyant/-34.22/47.03/-100.77/69.58/3.25/-39.33/-75.11/1199150130
nangal/-33.02/-68.02/-122.52/78.88/113.24/-8.38/1199150147
mgoldfar/-84.58/-17.40/-46.44/-8.91/-55.42/-72.95/-57.00/-69.21/98.83/-118.93/-62.34/39.82/-48.83/1199150162
fosters60/118.74/-121.27/71.13/-122.71/-119.74/-65.84/106.04/46.64/65.53/-121.41/-90.10/120.48/-16.79/-19.88/-114.86/1199150193
hmotevas/75.92/-116.13/-4.54/-71.12/43.22/-97.94/1199150230
wyant/69.29/-113.76/-51.77/-99.56/11.54/52.30/-64.41/1199150244
fosters60/38.17/-31.43/69.60/2.39/-70.11/19.99/94.85/-85.32/10.53/-72.10/1199150277
hmotevas/79.94/-97.04/-74.59/33.15/55.25/-10.69/-81.97/-8.75/1199150315
mgoldfar/32.57/8.19/108.22/-52.70/93.80/-72.42/119.32/26.23/43.09/102.73/71.04/22.04/93.91/-123.82/-119.56/1199150339
nangal/-110.18/-57.70/103.51/-106.91/-42.07/-93.76/46.75/-67.02/18.24/-103.42/43.90/-122.74/1199150373
wyant/95.76/30.03/-71.55/27.38/98.85/53.99/86.07/-79.67/70.55/-27.74/-11.81/30.24/58.29/81.59/1199150400
fosters60/44.56/80.72/34.47/-69.82/-109.17/70.74/-5.75/-57.58/-39.19/1199150422
wyant/76.54/5.72/77.04/115.67/-14.84/-96.62/47.54/82.85/1199150444
hmotevas/-111.55/78.34/-45.06/-109.44/113.58/-108.26/-116.02/-64.49/-26.77/29.43/-111.96/-78.22/-65.84/-71.13/1199150492
mgoldfar/-41.74/54.67/88.67/114.25/-24.28/-109.11/1199150540
nangal/-73.67/-108.25/55.83/14.40/69.06/27.20/1199150578
fosters60/60.02/-53.25/-14.05/30.83/104.15/-111.29/5.45/-32.00/61.43/-26.30/-110.18/12.04/33.66/-117.02/1199150623
mgoldfar/69.60/47.67/-11.48/-76.43/81.68/8.70/-81.70/-28.38/-21.46/52.74/97.32/1199150668
wyant/-95.07/-106.02/92.40/-70.13/-123.61/102.99/23.03/1199150712
nangal/-57.82/-116.42/-5.48/95.54/-73.09/38.36/-3.86/1199150735
hmotevas/-53.72/104.60/109.46/-33.61/36.37/87.69/-34.68/1199150775
wyant/-86.73/98.84/107.29/-6.92/46.66/-54.95/-23.10/1199150815
nangal/-61.07/-3.14/58.06/11.62/68.69/-84.42/124.31/-19.74/-33.91/1199150828
fosters60/94.20/-28.59/-98.22/-112.82/-48.75/102.39/102.70/67.32/14.82/-122.65/-64.21/1199150841
hmotevas/-90.63/-73.50/-75.78/-79.03/123.17/66.95/1199150886
mgoldfar/67.62/15.22/-68.24/-117.98/54.87/-69.80/-80.13/22.63/-48.89/-79.63/87.68/-109.72/-86.45/76.55/-55.96/1199150897
hmotevas/-122.66/67.10/67.04/35.40/82.22/-56.92/-17.29/1199150943
wyant/-5.67/-117.51/110.42/-70.25/31.74/-10.51/-0.09/123.27/112.13/-84.85/1199150982
nangal/6.77/32.21/31.56/-70.82/-66.37/-73.75/-56.27/1199151007
fosters60/-74.86/-22.92/-43.26/100.80/-17.01/1199151040
mgoldfar/-26.15/114.99/-111.17/74.74/57.55/59.01/1199151056
nangal/115.54/19.87/-104.86/-47.58/57.30/-24.60/52.65/-92.69/-105.01/23.22/-38.13/-47.18/-122.36/59.63/69.02/1199151090
wyant/82.81/-66.10/87.61/-96.08/7.15/51.65/-66.44/1199151126
hmotevas/55.92/-91.45/-121.55/31.64/46.08/97.58/-31.95/56.22/27.96/-2.52/64.47/1199151166
fosters60/72.90/124.33/-33.75/111.13/-9.36/-35.04/1199151205
mgoldfar/-72.31/-7.98/110.47/108.57/-82.28/21.89/123.62/21.99/27.15/11.07/-52.24/110.20/-88.10/-100.50/39.76/1199151232
fosters60/41.20/-4.31/69.88/-87.30/79.70/-35.84/-44.25/64.76/-36.68/-21.98/-64.34/-96.85/1199151247
mgoldfar/123.32/32.79/-11.94/37.90/8.05/30.43/-99.17/76.27/113.90/-80.22/1199151284
hmotevas/67.87/-46.87/94.23/-100.65/1199151317
wyant/8.60/-110.89/45.79/3.06/103.03/106.81/-111.93/59.97/-49.41/1199151336
nangal/117.82/32.43/115.05/29.49/-56.96/-65.04/29.78/90.59/-104.02/-59.78/-43.98/-27.64/-115.16/1199151373
fosters60/25.51/-86.57/-41.80/82.69/-72.74/-88.18/-104.06/-90.06/1199151417
mgoldfar/-39.45/-27.05/-44.31/13.23/-36.50/33.43/-52.65/47.43/32.83/77.48/3.91/-60.35/58.35/62.81/-110.67/1199151438
wyant/-122.57/88.83/83.84/112.32/-93.44/100.27/-35.46/100.91/-88.64/-64.27/-59.83/-46.03/1199151482
hmotevas/5.41/-22.69/98.01/-19.97/4.47/25.51/-11.50/55.35/41.20/-23.54/-53.56/103.79/104.57/24.40/1199151499
nangal/-38.84/56.15/46.78/17.01/-16.30/-94.24/110.79/52.83/15.01/-81.18/1199151540
hmotevas/-111.17/95.72/29.63/114.67/123.05/123.65/74.06/-103.50/12.77/-112.20/-119.30/115.99/75.77/1199151552
fosters60/-59.98/57.74/-43.47/33.29/-57.91/106.29/-117.81/86.67/58.89/-57.10/49.43/71.39/8.71/64.42/1199151567
wyant/-79.25/-113.15/119.60/-77.18/119.73/-34.30/75.11/81.77/-95.08/-19.18/-90.98/-31.39/-21.75/1199151601
mgoldfar/74.56/99.41/3.19/101.22/33.91/-99.99/33.51/1199151626
nangal/-125.80/-54.16/25.99/-66.54/7.29/-89.22/-93.47/1199151665
mgoldfar/69.90/-62.59/62.47/27.53/113.71/1199151679
wyant/-118.37/-12.94/26.33/-118.45/95.27/-124.21/53.91/47.21/118.07/72.04/-32.75/-42.67/1199151718
fosters60/32.36/-41.85/-70.85/-28.09/54.33/-49.09/-66.81/87.53/124.51/1199151751
nangal/-5.63/-49.48/55.89/94.66/-57.00/-115.83/-38.76/73.03/-116.20/-110.78/-14.34/-94.75/1199151767
hmotevas/115.11/62.71/-111.95/5.10/123.40/1199151784
hmotevas/70.63/-78.73/92.21/41.28/105.74/85.10/33.65/-44.76/-45.13/109.67/-88.01/-119.94/1199151833
wyant/-116.83/-10.30/93.75/-71.59/-22.67/-102.47/1199151852
fosters60/55.23/-100.74/75.04/-98.26/-55.19/-29.61/109.86/-63.35/-13.31/-49.71/-13.76/-83.92/105.59/52.91/-115.05/1199151895
mgoldfar/-48.22/57.39/97.20/-39.23/-48.07/1199151921
nangal/94.44/-52.71/53.13/-79.35/97.37/-12.01/-29.47/10.82/1199151939
wyant/-63.30/-97.41/101.85/-33.85/-109.89/1199151966
hmotevas/109.85/-56.77/64.64/29.35/-85.81/-111.53/-35.20/-83.36/17.14/51.26/10.56/-27.72/-6.15/51.83/-62.30/1199151994
nangal/-78.45/-20.38/-57.47/114.59/67.56/-56.38/63.35/-36.89/-97.27/1199152036
mgoldfar/91.40/29.88/-61.13/66.94/-84.91/-49.66/-109.63/18.94/33.39/-8.63/1199152075
fosters60/67.22/-73.53/60.02/77.03/-29.87/82.08/123.23/96.20/66.45/1199152102
fosters60/81.61/55.17/-22.13/0.26/-18.48/-61.90/-119.18/-44.09/8.91/92.03/92.92/47.54/1199152134
hmotevas/91.77/108.46/-110.32/107.12/-19.28/86.06/-1.87/-43.79/26.19/46.13/-82.13/112.24/52.49/-87.07/-21.49/1199152176
mgoldfar/-24.58/77.39/-92.29/-118.46/-112.22/-67.12/-24.52/60.53/57.98/104.57/56.77/8.19/-15.70/104.71/1199152194
wyant/-59.47/-36.06/82.78/-55.55/-53.43/7.98/1199152228
nangal/-82.66/-1.68/-13.62/48.01/-12.02/-83.99/-93.94/0.96/-34.13/1199152261
hmotevas/17.30/32.53/48.86/-47.26/-27.80/-98.71/2.10/-86.42/93.78/50.50/83.60/1199152285
mgoldfar/-3.28/71.20/-83.31/-42.10/103.13/-10.63/-97.92/-99.64/21.22/-24.61/-110.65/-89.48/1.69/1199152302
nangal/103.44/-18.90/-119.95/-104.68/-79.24/-125.42/-20.16/104.28/12.01/1199152335
wyant/-2.80/-70.59/67.37/88.82/60.40/12.17/-5.06/115.46/18.39/-60.01/1199152348
fosters60/-49.71/-123.11/69.07/105.11/84.01/42.06/-12.68/-78.22/-90.06/50.80/44.27/-51.88/73.42/-37.09/1199152392
mgoldfar/20.48/125.49/17.75/101.82/89.66/15.90/99.14/-110.96/21.21/1199152428
fosters60/-101.60/74.08/105.17/112.84/-75.12/39.41/-50.88/-21.54/-36.63/86.93/9.07/35.39/87.90/80.27/1199152465
hmotevas/-56.89/-102.44/-37.85/-117.24/50.97/108.05/-58.39/-89.39/54.04/-84.52/18.03/-59.44/37.93/-44.25/40.72/1199152505
wyant/-30.15/117.61/-93.99/-32.96/-93.71/-116.97/-69.72/86.06/-53.94/23.88/-53.94/-115.18/24.55/97.67/1199152542
nangal/-19.48/-37.63/-2.00/60.73/-50.98/-88.35/-79.94/24.82/113.61/-16.71/6.86/1199152558
fosters60/-48.95/123.86/34.89/78.06/-123.95/61.98/-38.99/58.77/-97.53/-4.00/-94.93/-73.38/16.88/22.27/-82.24/1199152575
hmotevas/-47.95/3.93/-100.98/-21.45/15.31/-14.48/118.68/1199152618
wyant/86.41/96.41/-27.81/107.12/73.81/-13.93/10.09/33.71/-115.60/88.23/86.23/-50.94/-0.94/-0.59/1199152649
mgoldfar/67.30/-17.38/-66.46/-21.41/-118.30/35.43/-63.41/-21.65/-121.63/45.68/-106.61/29.37/-114.75/1199152692
nangal/13.86/-74.97/23.72/-119.92/30.04/91.83/76.62/1199152717
